app/api/admin/plans/route.ts(74,7): error TS2322: Type '{ name: any; description: any; priceMonthly: number; priceYearly: number | null; aiMessagesIncluded: number; maxProperties: number; features: any; isActive: true; }' is not assignable to type '(Without<SubscriptionPlanCreateInput, SubscriptionPlanUncheckedCreateInput> & SubscriptionPlanUncheckedCreateInput) | (Without<...> & SubscriptionPlanCreateInput)'.
  Type '{ name: any; description: any; priceMonthly: number; priceYearly: number | null; aiMessagesIncluded: number; maxProperties: number; features: any; isActive: true; }' is not assignable to type 'Without<SubscriptionPlanUncheckedCreateInput, SubscriptionPlanCreateInput> & SubscriptionPlanCreateInput'.
    Property 'code' is missing in type '{ name: any; description: any; priceMonthly: number; priceYearly: number | null; aiMessagesIncluded: number; maxProperties: number; features: any; isActive: true; }' but required in type 'SubscriptionPlanCreateInput'.
app/api/admin/seed-plans/route.ts(62,11): error TS2322: Type '{ name: string; description: string; priceMonthly: number; priceYearly: number; aiMessagesIncluded: number; maxProperties: number; features: string[]; isActive: boolean; }' is not assignable to type '(Without<SubscriptionPlanCreateInput, SubscriptionPlanUncheckedCreateInput> & SubscriptionPlanUncheckedCreateInput) | (Without<...> & SubscriptionPlanCreateInput)'.
  Type '{ name: string; description: string; priceMonthly: number; priceYearly: number; aiMessagesIncluded: number; maxProperties: number; features: string[]; isActive: boolean; }' is not assignable to type 'Without<SubscriptionPlanUncheckedCreateInput, SubscriptionPlanCreateInput> & SubscriptionPlanCreateInput'.
    Property 'code' is missing in type '{ name: string; description: string; priceMonthly: number; priceYearly: number; aiMessagesIncluded: number; maxProperties: number; features: string[]; isActive: boolean; }' but required in type 'SubscriptionPlanCreateInput'.
app/api/auth/register/route.ts(112,9): error TS2353: Object literal may only specify known properties, and 'meta' does not exist in type '(Without<UserCreateInput, UserUncheckedCreateInput> & UserUncheckedCreateInput) | (Without<...> & UserCreateInput)'.
app/api/subscription-plans/route.ts(43,7): error TS2322: Type '{ name: any; description: any; priceMonthly: any; priceYearly: any; maxProperties: any; features: any; aiMessagesIncluded: any; isActive: true; }' is not assignable to type '(Without<SubscriptionPlanCreateInput, SubscriptionPlanUncheckedCreateInput> & SubscriptionPlanUncheckedCreateInput) | (Without<...> & SubscriptionPlanCreateInput)'.
  Type '{ name: any; description: any; priceMonthly: any; priceYearly: any; maxProperties: any; features: any; aiMessagesIncluded: any; isActive: true; }' is not assignable to type 'Without<SubscriptionPlanUncheckedCreateInput, SubscriptionPlanCreateInput> & SubscriptionPlanCreateInput'.
    Property 'code' is missing in type '{ name: any; description: any; priceMonthly: any; priceYearly: any; maxProperties: any; features: any; aiMessagesIncluded: any; isActive: true; }' but required in type 'SubscriptionPlanCreateInput'.
app/legal/billing/page.tsx(2,67): error TS2307: Cannot find module '@/src/config/policies' or its corresponding type declarations.
app/legal/cookies/page.tsx(2,67): error TS2307: Cannot find module '@/src/config/policies' or its corresponding type declarations.
app/legal/dpa/page.tsx(2,67): error TS2307: Cannot find module '@/src/config/policies' or its corresponding type declarations.
app/legal/legal-notice/page.tsx(2,67): error TS2307: Cannot find module '@/src/config/policies' or its corresponding type declarations.
app/legal/privacy/page.tsx(2,67): error TS2307: Cannot find module '@/src/config/policies' or its corresponding type declarations.
app/legal/terms/page.tsx(2,67): error TS2307: Cannot find module '@/src/config/policies' or its corresponding type declarations.
src/components/ui/WelcomeModal.tsx(42,40): error TS7016: Could not find a declaration file for module 'canvas-confetti'. '/Users/alejandrosatlla/Documents/itineramio/node_modules/canvas-confetti/src/confetti.js' implicitly has an 'any' type.
  Try `npm i --save-dev @types/canvas-confetti` if it exists or add a new declaration (.d.ts) file containing `declare module 'canvas-confetti';`
src/lib/pricing-calculator.ts(7,80): error TS2307: Cannot find module '../config/plans' or its corresponding type declarations.
src/lib/pricing-calculator.ts(8,38): error TS2307: Cannot find module './select-plan' or its corresponding type declarations.
src/lib/pricing-calculator.ts(89,22): error TS7006: Parameter 'plan' implicitly has an 'any' type.
src/lib/trial-service.ts(181,11): error TS2353: Object literal may only specify known properties, and 'UserSubscription' does not exist in type 'UserWhereInput | UserWhereInput[]'.
src/lib/trial-service.ts(212,11): error TS2353: Object literal may only specify known properties, and 'UserSubscription' does not exist in type 'UserWhereInput | UserWhereInput[]'.
